0 info it worked if it ends with ok
1 verbose cli [ '/usr/local/Cellar/node/4.2.1/bin/node',
1 verbose cli   '/usr/local/bin/npm',
1 verbose cli   'install',
1 verbose cli   '--save-dev',
1 verbose cli   'child_process' ]
2 info using npm@2.14.7
3 info using node@v4.2.1
4 verbose install initial load of /Users/johnashenden/Development/canvas/package.json
5 verbose installManyTop reading scoped package data from /Users/johnashenden/Development/canvas/node_modules/browser-sync/package.json
6 verbose installManyTop reading scoped package data from /Users/johnashenden/Development/canvas/node_modules/gulp/package.json
7 verbose installManyTop reading scoped package data from /Users/johnashenden/Development/canvas/node_modules/gulp-autoprefixer/package.json
8 verbose installManyTop reading scoped package data from /Users/johnashenden/Development/canvas/node_modules/gulp-concat/package.json
9 verbose installManyTop reading scoped package data from /Users/johnashenden/Development/canvas/node_modules/gulp-less/package.json
10 verbose installManyTop reading scoped package data from /Users/johnashenden/Development/canvas/node_modules/gulp-minify-css/package.json
11 verbose installManyTop reading scoped package data from /Users/johnashenden/Development/canvas/node_modules/gulp-notify/package.json
12 verbose installManyTop reading scoped package data from /Users/johnashenden/Development/canvas/node_modules/gulp-rename/package.json
13 verbose installManyTop reading scoped package data from /Users/johnashenden/Development/canvas/node_modules/gulp-sourcemaps/package.json
14 verbose installManyTop reading scoped package data from /Users/johnashenden/Development/canvas/node_modules/gulp-uglify/package.json
15 verbose installManyTop reading scoped package data from /Users/johnashenden/Development/canvas/node_modules/gulp-util/package.json
16 verbose installManyTop reading scoped package data from /Users/johnashenden/Development/canvas/node_modules/less-color-lighten/package.json
17 info package.json gulp-notify@2.2.0 No license field.
18 info package.json gulp-rename@1.2.2 No license field.
19 verbose readDependencies loading dependencies from /Users/johnashenden/Development/canvas/package.json
20 silly cache add args [ 'child_process', null ]
21 verbose cache add spec child_process
22 silly cache add parsed spec Result {
22 silly cache add   raw: 'child_process',
22 silly cache add   scope: null,
22 silly cache add   name: 'child_process',
22 silly cache add   rawSpec: '',
22 silly cache add   spec: '*',
22 silly cache add   type: 'range' }
23 silly addNamed child_process@*
24 verbose addNamed "*" is a valid semver range for child_process
25 silly addNameRange { name: 'child_process', range: '*', hasData: false }
26 silly mapToRegistry name child_process
27 silly mapToRegistry using default registry
28 silly mapToRegistry registry https://registry.npmjs.org/
29 silly mapToRegistry uri https://registry.npmjs.org/child_process
30 verbose addNameRange registry:https://registry.npmjs.org/child_process not in flight; fetching
31 verbose request uri https://registry.npmjs.org/child_process
32 verbose request no auth needed
33 info attempt registry request try #1 at 4:22:34 PM
34 verbose request id d8d7dfd2f3fd28ac
35 http request GET https://registry.npmjs.org/child_process
36 http 404 https://registry.npmjs.org/child_process
37 verbose headers { 'content-type': 'application/json',
37 verbose headers   'cache-control': 'max-age=0',
37 verbose headers   'content-length': '2',
37 verbose headers   'accept-ranges': 'bytes',
37 verbose headers   date: 'Mon, 28 Dec 2015 00:22:24 GMT',
37 verbose headers   via: '1.1 varnish',
37 verbose headers   age: '0',
37 verbose headers   connection: 'keep-alive',
37 verbose headers   'x-served-by': 'cache-lax1433-LAX',
37 verbose headers   'x-cache': 'MISS',
37 verbose headers   'x-cache-hits': '0',
37 verbose headers   'x-timer': 'S1451262144.584295,VS0,VE81' }
38 silly get cb [ 404,
38 silly get   { 'content-type': 'application/json',
38 silly get     'cache-control': 'max-age=0',
38 silly get     'content-length': '2',
38 silly get     'accept-ranges': 'bytes',
38 silly get     date: 'Mon, 28 Dec 2015 00:22:24 GMT',
38 silly get     via: '1.1 varnish',
38 silly get     age: '0',
38 silly get     connection: 'keep-alive',
38 silly get     'x-served-by': 'cache-lax1433-LAX',
38 silly get     'x-cache': 'MISS',
38 silly get     'x-cache-hits': '0',
38 silly get     'x-timer': 'S1451262144.584295,VS0,VE81' } ]
39 verbose stack Error: Registry returned 404 for GET on https://registry.npmjs.org/child_process
39 verbose stack     at makeError (/usr/local/lib/node_modules/npm/node_modules/npm-registry-client/lib/request.js:264:12)
39 verbose stack     at CachingRegistryClient.<anonymous> (/usr/local/lib/node_modules/npm/node_modules/npm-registry-client/lib/request.js:242:14)
39 verbose stack     at Request._callback (/usr/local/lib/node_modules/npm/node_modules/npm-registry-client/lib/request.js:172:14)
39 verbose stack     at Request.self.callback (/usr/local/lib/node_modules/npm/node_modules/request/request.js:198:22)
39 verbose stack     at emitTwo (events.js:87:13)
39 verbose stack     at Request.emit (events.js:172:7)
39 verbose stack     at Request.<anonymous> (/usr/local/lib/node_modules/npm/node_modules/request/request.js:1063:14)
39 verbose stack     at emitOne (events.js:82:20)
39 verbose stack     at Request.emit (events.js:169:7)
39 verbose stack     at IncomingMessage.<anonymous> (/usr/local/lib/node_modules/npm/node_modules/request/request.js:1009:12)
40 verbose statusCode 404
41 verbose pkgid child_process
42 verbose cwd /Users/johnashenden/Development/canvas
43 error Darwin 15.0.0
44 error argv "/usr/local/Cellar/node/4.2.1/bin/node" "/usr/local/bin/npm" "install" "--save-dev" "child_process"
45 error node v4.2.1
46 error npm  v2.14.7
47 error code E404
48 error 404 Registry returned 404 for GET on https://registry.npmjs.org/child_process
48 error 404
48 error 404 'child_process' is not in the npm registry.
48 error 404 Your package name is not valid, because
48 error 404
48 error 404  1. child_process is a core module name
48 error 404 It was specified as a dependency of 'canvas-ui'
48 error 404
48 error 404 Note that you can also install from a
48 error 404 tarball, folder, http url, or git url.
49 verbose exit [ 1, true ]
